Change Component Footprint: Designator=SW? Old Footprint=FP-PRASA1-16F-BB0BW-MFG New Footprint=FP-1825910-2-0
Change Component Comment : Designator=SW? Old Comment=Rocker Switch New Comment=reset
Change Managed Component Library Link : Designator=SW? Old VaultGUID=B7D15EC3-160A-466F-A46C-7801FE6295A7 New VaultGUID=B7D15EC3-160A-466F-A46C-7801FE6295A7 Old ItemGUID=077D8815-E35C-4DB6-B478-09817AAF525E New ItemGUID=4368AC3F-10BB-4030-BABA-7DB2EB25135F Old RevisionGUID=90B768AC-DD84-4DC3-8301-70CBC68AA40D New RevisionGUID=619D1D05-010A-4658-A31D-089204DD6715
Change component parameters: Designator = "SW?" ("SW?"); Footprint = "FP-PRASA1-16F-BB0BW-MFG"; UniqueID = "\ZNJQDSWU" ("\ZNJQDSWU")
Change component parameters (AddParameter): Name = "Automotive"; Value = "No"; VariantName = "[No Variations]"
Change component parameters (AddParameter): Name = "Category"; Value = "Switch"; VariantName = "[No Variations]"
Change component parameters (AddParameter): Name = "ComponentLink2Description"; Value = "Datasheet"; VariantName = "[No Variations]"
Change component parameters (AddParameter): Name = "ComponentLink2URL"; Value = "https://www.te.com/commerce/DocumentDelivery/DDEController?Action=showdoc&DocId=Customer+Drawing%7F1825910%7FC10%7Fpdf%7FEnglish%7FENG_CD_1825910_C10.pdf%7F1825910-2"; VariantName = "[No Variations]"
Change component parameters (AddParameter): Name = "Contact Current Rating"; Value = "50mA"; VariantName = "[No Variations]"
Change component parameters (AddParameter): Name = "Contact Resistance"; Value = "100mO"; VariantName = "[No Variations]"
Change component parameters (AddParameter): Name = "Device Class L1"; Value = "Electromechanical"; VariantName = "[No Variations]"
Change component parameters (AddParameter): Name = "Device Class L2"; Value = "Switches"; VariantName = "[No Variations]"
Change component parameters (AddParameter): Name = "Device Class L3"; Value = "Tactile Switches"; VariantName = "[No Variations]"
Change component parameters (AddParameter): Name = "Digikey Description"; Value = "SWITCH TACTILE SPST-NO 0.05A 24V"; VariantName = "[No Variations]"
Change component parameters (AddParameter): Name = "Electromechanical Life"; Value = "100000Cycles"; VariantName = "[No Variations]"
Change component parameters (AddParameter): Name = "Height"; Value = "4.6mm"; VariantName = "[No Variations]"
Change component parameters (AddParameter): Name = "Lead Free"; Value = "Yes"; VariantName = "[No Variations]"
Change component parameters (AddParameter): Name = "Manufacturer"; Value = "TE"; VariantName = "[No Variations]"
Change component parameters (AddParameter): Name = "Manufacturer Part Number"; Value = "1825910-2"; VariantName = "[No Variations]"
Change component parameters (AddParameter): Name = "Mount"; Value = "Through Hole"; VariantName = "[No Variations]"
Change component parameters (AddParameter): Name = "Octopart"; Value = "https://octopart.com/1825910-2-te+connectivity-42270502"; VariantName = "[No Variations]"
Change component parameters (AddParameter): Name = "Operating Force"; Value = "160gf"; VariantName = "[No Variations]"
Change component parameters (AddParameter): Name = "Package"; Value = "0"; VariantName = "[No Variations]"
Change component parameters (AddParameter): Name = "RoHS"; Value = "TRUE"; VariantName = "[No Variations]"
Change component parameters (AddParameter): Name = "Temperature"; Value = "-35°C to +85°C"; VariantName = "[No Variations]"
Change component parameters (AddParameter): Name = "Temperature Range High"; Value = "+85°C"; VariantName = "[No Variations]"
Change component parameters (AddParameter): Name = "Temperature Range Low"; Value = "-35°C"; VariantName = "[No Variations]"
Change component parameters (AddParameter): Name = "Throw Configuration"; Value = "SPST-NO"; VariantName = "[No Variations]"
Change component parameters (AddParameter): Name = "Voltage Rating Dc"; Value = "24V"; VariantName = "[No Variations]"
Added Component: Designator=U?(SOT-23-TT3_M)
Add component (AddParameter): Name = "Code_IPC"; Value = "SOT23-3"; VariantName = "[No Variations]"
Add component (AddParameter): Name = "DatasheetVersion"; Value = "revE, Apr-2009"; VariantName = "[No Variations]"
Add component (AddParameter): Name = "PackageDescription"; Value = "3-Lead Plastic Small Outline Transistor (TT) [SOT-23]"; VariantName = "[No Variations]"
Add component (AddParameter): Name = "PackageReference"; Value = "SOT-23-TT3"; VariantName = "[No Variations]"
Add component (AddParameter): Name = "PackageVersion"; Value = "revBB, Aug-2009"; VariantName = "[No Variations]"
Added Pin To Net: NetName=GND Pin=A-GND_1
Added Pin To Net: NetName=GND Pin=A-GND_3
Added Member To Class: ClassName=Arduino Demo Shield Member=Component J? Servo Connector
Added Member To Class: ClassName=Arduino Demo Shield Member=Component LED? Blue LED
Added Member To Class: ClassName=Arduino Demo Shield Member=Component SW? reset
Added Member To Class: ClassName=Arduino Demo Shield Member=Component U? Thermistor
Added Room: Name=Arduino Demo Shield
